<?xml version="1.0" encoding="UTF-8"?>
<!-- Generated by org.testng.reporters.JUnitReportReporter -->
<testsuite hostname="TYUDM" failures="0" tests="1" name="login.LoginTests" time="1.753" errors="0" timestamp="04 Jul 2020 20:07:31 GMT" skipped="0">
  <testcase classname="login.LoginTests" name="testSuccessfulLogin3Parameters" time="1.753"/>
</testsuite> <!-- login.LoginTests -->
