<?xml version="1.0" encoding="UTF-8"?>
<!-- Generated by org.testng.reporters.JUnitReportReporter -->
<testsuite hostname="TYUDM" failures="0" tests="1" name="navigation.NavigationTests" time="0.686" errors="0" timestamp="04 Jul 2020 20:07:31 GMT" skipped="0">
  <testcase classname="navigation.NavigationTests" name="testSwitchTab" time="0.686"/>
</testsuite> <!-- navigation.NavigationTests -->
